0 silly argv {
0 silly argv   _: [ 'version' ],
0 silly argv   'conventional-commits': true,
0 silly argv   conventionalCommits: true,
0 silly argv   yes: true,
0 silly argv   y: true,
0 silly argv   lernaVersion: '4.0.0',
0 silly argv   '$0': '/Users/admin/Projects/lerna-test/node_modules/.bin/lerna'
0 silly argv }
1 notice cli v4.0.0
2 verbose rootPath /Users/admin/Projects/lerna-test
3 info current version independet
4 silly isAnythingCommitted
5 verbose isAnythingCommitted 1
6 silly getCurrentBranch
7 verbose currentBranch master
8 silly remoteBranchExists
9 silly isBehindUpstream
10 silly isBehindUpstream master is behind origin/master by 0 commit(s) and ahead by 0
11 silly hasTags
12 verbose hasTags true
13 silly git-describe.sync "v0.0.8-4-gf118296" => {"lastTagName":"v0.0.8","lastVersion":"v0.0.8","refCount":"4","sha":"f118296","isDirty":false}
14 info Looking for changed packages since v0.0.8
15 silly checking diff packages/package-1
16 silly found diff in packages/package-1/src/App.js
17 verbose filtered diff [ 'packages/package-1/src/App.js' ]
18 silly checking diff packages/package-2
19 silly found diff in packages/package-2/src/App.js
20 verbose filtered diff [ 'packages/package-2/src/App.js' ]
21 verbose updated @ibor/package-1
22 verbose updated @ibor/package-2
23 verbose git-describe undefined => "v0.0.8-4-gf118296"
24 silly git-describe parsed => {"lastTagName":"v0.0.8","lastVersion":"v0.0.8","refCount":"4","sha":"f118296","isDirty":false}
25 error TypeError: Invalid Version: independet
25 error     at new SemVer (/Users/admin/Projects/lerna-test/node_modules/semver/classes/semver.js:38:13)
25 error     at compare (/Users/admin/Projects/lerna-test/node_modules/semver/functions/compare.js:3:32)
25 error     at Object.lt (/Users/admin/Projects/lerna-test/node_modules/semver/functions/lt.js:2:29)
25 error     at VersionCommand.setGlobalVersionFloor (/Users/admin/Projects/lerna-test/node_modules/@lerna/version/index.js:413:18)
25 error     at /Users/admin/Projects/lerna-test/node_modules/@lerna/version/index.js:384:37
25 error     at processTicksAndRejections (internal/process/task_queues.js:95:5)
25 error     at async Promise.all (index 0)
